<?xml version="1.0" encoding="UTF-8"?>
<!-- Generated by org.testng.reporters.JUnitReportReporter -->
<testsuite hostname="Mithu02-PC" name="com.homesite.test.script.NewTest" tests="1" failures="0" timestamp="20 Jun 2015 21:15:28 GMT" time="14.175" errors="0">
  <testcase name="f" time="14.175" classname="com.homesite.test.script.NewTest"/>
</testsuite> <!-- com.homesite.test.script.NewTest -->
